<?xml version="1.0" encoding="UTF-8"?>
<!-- Generated by org.testng.reporters.JUnitReportReporter -->
<testsuite hostname="LAPTOP-QUOMNJ5A" failures="0" tests="1" name="com.vtiger.practice.HidenDivsionPopupTest" time="13.229" errors="0" timestamp="2022-07-12T16:54:10 IST" skipped="0">
  <testcase classname="com.vtiger.practice.HidenDivsionPopupTest" name="calenderTest" time="13.229"/>
  <system-out/>
</testsuite> <!-- com.vtiger.practice.HidenDivsionPopupTest -->
